TN:
SF:src\components\FileUpload.jsx
FN:5,(anonymous_0)
FN:13,(anonymous_1)
FN:17,(anonymous_2)
FN:23,(anonymous_3)
FN:28,(anonymous_4)
FN:35,(anonymous_5)
FN:36,(anonymous_6)
FN:42,(anonymous_7)
FN:59,(anonymous_8)
FN:74,(anonymous_9)
FN:132,(anonymous_10)
FNF:11
FNH:9
FNDA:15,(anonymous_0)
FNDA:5,(anonymous_1)
FNDA:0,(anonymous_2)
FNDA:0,(anonymous_3)
FNDA:5,(anonymous_4)
FNDA:11,(anonymous_5)
FNDA:11,(anonymous_6)
FNDA:4,(anonymous_7)
FNDA:3,(anonymous_8)
FNDA:1,(anonymous_9)
FNDA:21,(anonymous_10)
DA:5,1
DA:6,15
DA:7,15
DA:8,15
DA:9,15
DA:10,15
DA:11,15
DA:13,15
DA:15,5
DA:17,5
DA:18,0
DA:19,0
DA:20,0
DA:23,5
DA:24,0
DA:25,0
DA:28,5
DA:29,5
DA:30,5
DA:35,15
DA:36,11
DA:37,11
DA:38,11
DA:42,15
DA:43,4
DA:44,4
DA:45,4
DA:46,4
DA:48,4
DA:49,0
DA:50,0
DA:53,4
DA:54,4
DA:55,4
DA:59,15
DA:60,3
DA:61,0
DA:62,0
DA:65,3
DA:66,3
DA:68,3
DA:69,3
DA:70,3
DA:75,1
DA:76,1
DA:77,1
DA:81,2
DA:82,2
DA:83,0
DA:85,2
DA:86,2
DA:88,1
DA:89,1
DA:90,1
DA:91,1
DA:95,15
DA:133,21
DA:144,1
LF:58
LH:48
BRDA:29,0,0,5
BRDA:29,0,1,0
BRDA:37,1,0,11
BRDA:37,1,1,0
BRDA:44,2,0,4
BRDA:44,2,1,0
BRDA:48,3,0,0
BRDA:48,3,1,4
BRDA:60,4,0,0
BRDA:60,4,1,3
BRDA:82,5,0,0
BRDA:82,5,1,2
BRDA:115,6,0,15
BRDA:115,6,1,1
BRDA:127,7,0,15
BRDA:127,7,1,1
BRF:16
BRH:10
end_of_record
TN:
SF:src\components\LiveDataGrid.jsx
FN:5,(anonymous_0)
FN:7,(anonymous_1)
FN:8,(anonymous_2)
FN:17,(anonymous_3)
FN:26,(anonymous_4)
FN:38,(anonymous_5)
FN:42,(anonymous_6)
FN:53,(anonymous_7)
FN:54,(anonymous_8)
FN:56,(anonymous_9)
FN:63,(anonymous_10)
FN:71,(anonymous_11)
FN:74,(anonymous_12)
FN:100,(anonymous_13)
FN:111,(anonymous_14)
FN:124,(anonymous_15)
FN:128,(anonymous_16)
FN:142,(anonymous_17)
FN:152,(anonymous_18)
FN:158,(anonymous_19)
FNF:20
FNH:18
FNDA:40,(anonymous_0)
FNDA:0,(anonymous_1)
FNDA:0,(anonymous_2)
FNDA:2,(anonymous_3)
FNDA:5,(anonymous_4)
FNDA:14,(anonymous_5)
FNDA:8,(anonymous_6)
FNDA:29,(anonymous_7)
FNDA:84,(anonymous_8)
FNDA:15,(anonymous_9)
FNDA:240,(anonymous_10)
FNDA:31,(anonymous_11)
FNDA:7,(anonymous_12)
FNDA:14,(anonymous_13)
FNDA:312,(anonymous_14)
FNDA:305,(anonymous_15)
FNDA:2,(anonymous_16)
FNDA:5,(anonymous_17)
FNDA:79,(anonymous_18)
FNDA:587,(anonymous_19)
DA:5,1
DA:10,40
DA:11,40
DA:12,40
DA:13,40
DA:17,40
DA:18,2
DA:19,2
DA:20,0
DA:22,2
DA:23,2
DA:26,40
DA:27,5
DA:31,5
DA:32,0
DA:34,5
DA:35,5
DA:38,40
DA:39,14
DA:42,40
DA:43,8
DA:44,8
DA:45,8
DA:46,64
DA:47,49
DA:50,8
DA:53,40
DA:54,29
DA:56,84
DA:57,15
DA:58,15
DA:59,15
DA:63,84
DA:64,240
DA:67,84
DA:71,40
DA:72,31
DA:74,2
DA:75,7
DA:76,7
DA:78,7
DA:79,4
DA:82,3
DA:83,3
DA:85,3
DA:86,3
DA:88,0
DA:92,40
DA:100,14
DA:112,312
DA:125,305
DA:128,2
DA:142,5
DA:153,79
DA:159,587
DA:185,1
LF:56
LH:53
BRDA:6,0,0,0
BRDA:7,1,0,0
BRDA:8,2,0,0
BRDA:19,3,0,0
BRDA:19,3,1,2
BRDA:19,4,0,2
BRDA:19,4,1,0
BRDA:31,5,0,0
BRDA:31,5,1,5
BRDA:46,6,0,49
BRDA:46,6,1,15
BRDA:57,7,0,0
BRDA:57,7,1,15
BRDA:63,8,0,84
BRDA:63,8,1,42
BRDA:67,9,0,84
BRDA:67,9,1,74
BRDA:72,10,0,29
BRDA:72,10,1,2
BRDA:78,11,0,4
BRDA:78,11,1,3
BRDA:78,12,0,7
BRDA:78,12,1,4
BRDA:79,13,0,4
BRDA:79,13,1,0
BRDA:85,14,0,3
BRDA:85,14,1,0
BRDA:111,15,0,40
BRDA:111,15,1,1
BRDA:133,16,0,305
BRDA:133,16,1,2
BRDA:135,17,0,2
BRDA:135,17,1,0
BRDA:151,18,0,39
BRDA:151,18,1,1
BRDA:155,19,0,58
BRDA:155,19,1,21
BRDA:156,20,0,58
BRDA:156,20,1,21
BRDA:160,21,0,79
BRDA:160,21,1,508
BRF:41
BRH:31
end_of_record
